2025-03-04T23:41:22.642+05:30  INFO 6692 --- [addressbook] [restartedMain] c.b.a.a.AddressbookApplication           : Starting AddressbookApplication using Java 23.0.2 with PID 6692 (D:\Training_Capgemini\SpringIntroduction\addressbook\target\classes started by kanchan in D:\Training_Capgemini\SpringIntroduction\addressbook)
2025-03-04T23:41:22.644+05:30  INFO 6692 --- [addressbook] [restartedMain] c.b.a.a.AddressbookApplication           : No active profile set, falling back to 1 default profile: "default"
2025-03-04T23:41:22.727+05:30  INFO 6692 --- [addressbook] [restartedMain] .e.DevToolsPropertyDefaultsPostProcessor : Devtools property defaults active! Set 'spring.devtools.add-properties' to 'false' to disable
2025-03-04T23:41:22.727+05:30  INFO 6692 --- [addressbook] [restartedMain] .e.DevToolsPropertyDefaultsPostProcessor : For additional web related logging consider setting the 'logging.level.web' property to 'DEBUG'
2025-03-04T23:41:24.545+05:30  INFO 6692 --- [addressbook] [restartedMain] .s.d.r.c.RepositoryConfigurationDelegate : Bootstrapping Spring Data JPA repositories in DEFAULT mode.
2025-03-04T23:41:24.634+05:30  INFO 6692 --- [addressbook] [restartedMain] .s.d.r.c.RepositoryConfigurationDelegate : Finished Spring Data repository scanning in 73 ms. Found 1 JPA repository interface.
2025-03-04T23:41:25.259+05:30  INFO 3872 --- [addressbook] [restartedMain] c.b.a.a.AddressbookApplication           : Starting AddressbookApplication using Java 23.0.2 with PID 3872 (D:\Training_Capgemini\SpringIntroduction\addressbook\target\classes started by kanchan in D:\Training_Capgemini\SpringIntroduction\addressbook)
2025-03-04T23:41:25.262+05:30  INFO 3872 --- [addressbook] [restartedMain] c.b.a.a.AddressbookApplication           : No active profile set, falling back to 1 default profile: "default"
2025-03-04T23:41:25.410+05:30  INFO 3872 --- [addressbook] [restartedMain] .e.DevToolsPropertyDefaultsPostProcessor : Devtools property defaults active! Set 'spring.devtools.add-properties' to 'false' to disable
2025-03-04T23:41:25.410+05:30  INFO 3872 --- [addressbook] [restartedMain] .e.DevToolsPropertyDefaultsPostProcessor : For additional web related logging consider setting the 'logging.level.web' property to 'DEBUG'
2025-03-04T23:41:26.402+05:30  INFO 6692 --- [addressbook] [restartedMain] o.s.b.w.embedded.tomcat.TomcatWebServer  : Tomcat initialized with port 8080 (http)
2025-03-04T23:41:26.477+05:30  INFO 6692 --- [addressbook] [restartedMain] o.apache.catalina.core.StandardService   : Starting service [Tomcat]
2025-03-04T23:41:26.479+05:30  INFO 6692 --- [addressbook] [restartedMain] o.apache.catalina.core.StandardEngine    : Starting Servlet engine: [Apache Tomcat/10.1.36]
2025-03-04T23:41:26.652+05:30  INFO 6692 --- [addressbook] [restartedMain] o.a.c.c.C.[Tomcat].[localhost].[/]       : Initializing Spring embedded WebApplicationContext
2025-03-04T23:41:26.653+05:30  INFO 6692 --- [addressbook] [restartedMain] w.s.c.ServletWebServerApplicationContext : Root WebApplicationContext: initialization completed in 3923 ms
2025-03-04T23:41:27.132+05:30  INFO 6692 --- [addressbook] [restartedMain] o.hibernate.jpa.internal.util.LogHelper  : HHH000204: Processing PersistenceUnitInfo [name: default]
2025-03-04T23:41:27.227+05:30  INFO 3872 --- [addressbook] [restartedMain] .s.d.r.c.RepositoryConfigurationDelegate : Bootstrapping Spring Data JPA repositories in DEFAULT mode.
2025-03-04T23:41:27.283+05:30  INFO 6692 --- [addressbook] [restartedMain] org.hibernate.Version                    : HHH000412: Hibernate ORM core version 6.6.8.Final
2025-03-04T23:41:27.308+05:30  INFO 3872 --- [addressbook] [restartedMain] .s.d.r.c.RepositoryConfigurationDelegate : Finished Spring Data repository scanning in 69 ms. Found 1 JPA repository interface.
2025-03-04T23:41:27.353+05:30  INFO 6692 --- [addressbook] [restartedMain] o.h.c.internal.RegionFactoryInitiator    : HHH000026: Second-level cache disabled
2025-03-04T23:41:27.955+05:30  INFO 6692 --- [addressbook] [restartedMain] o.s.o.j.p.SpringPersistenceUnitInfo      : No LoadTimeWeaver setup: ignoring JPA class transformer
2025-03-04T23:41:28.007+05:30  INFO 6692 --- [addressbook] [restartedMain] com.zaxxer.hikari.HikariDataSource       : HikariPool-1 - Starting...
2025-03-04T23:41:28.392+05:30  INFO 3872 --- [addressbook] [restartedMain] o.s.b.w.embedded.tomcat.TomcatWebServer  : Tomcat initialized with port 8080 (http)
2025-03-04T23:41:28.412+05:30  INFO 3872 --- [addressbook] [restartedMain] o.apache.catalina.core.StandardService   : Starting service [Tomcat]
2025-03-04T23:41:28.412+05:30  INFO 3872 --- [addressbook] [restartedMain] o.apache.catalina.core.StandardEngine    : Starting Servlet engine: [Apache Tomcat/10.1.36]
2025-03-04T23:41:28.463+05:30  INFO 3872 --- [addressbook] [restartedMain] o.a.c.c.C.[Tomcat].[localhost].[/]       : Initializing Spring embedded WebApplicationContext
2025-03-04T23:41:28.464+05:30  INFO 3872 --- [addressbook] [restartedMain] w.s.c.ServletWebServerApplicationContext : Root WebApplicationContext: initialization completed in 3053 ms
2025-03-04T23:41:28.740+05:30  INFO 3872 --- [addressbook] [restartedMain] o.hibernate.jpa.internal.util.LogHelper  : HHH000204: Processing PersistenceUnitInfo [name: default]
2025-03-04T23:41:28.807+05:30  INFO 3872 --- [addressbook] [restartedMain] org.hibernate.Version                    : HHH000412: Hibernate ORM core version 6.6.8.Final
2025-03-04T23:41:28.825+05:30  INFO 6692 --- [addressbook] [restartedMain] com.zaxxer.hikari.pool.HikariPool        : HikariPool-1 - Added connection com.mysql.cj.jdbc.ConnectionImpl@5086f1e8
2025-03-04T23:41:28.829+05:30  INFO 6692 --- [addressbook] [restartedMain] com.zaxxer.hikari.HikariDataSource       : HikariPool-1 - Start completed.
2025-03-04T23:41:28.872+05:30  INFO 3872 --- [addressbook] [restartedMain] o.h.c.internal.RegionFactoryInitiator    : HHH000026: Second-level cache disabled
2025-03-04T23:41:28.928+05:30  WARN 6692 --- [addressbook] [restartedMain] org.hibernate.orm.deprecation            : HHH90000025: MySQL8Dialect does not need to be specified explicitly using 'hibernate.dialect' (remove the property setting and it will be selected by default)
2025-03-04T23:41:28.929+05:30  WARN 6692 --- [addressbook] [restartedMain] org.hibernate.orm.deprecation            : HHH90000026: MySQL8Dialect has been deprecated; use org.hibernate.dialect.MySQLDialect instead
2025-03-04T23:41:28.956+05:30  INFO 6692 --- [addressbook] [restartedMain] org.hibernate.orm.connections.pooling    : HHH10001005: Database info:
	Database JDBC URL [Connecting through datasource 'HikariDataSource (HikariPool-1)']
	Database driver: undefined/unknown
	Database version: 8.0
	Autocommit mode: undefined/unknown
	Isolation level: undefined/unknown
	Minimum pool size: undefined/unknown
	Maximum pool size: undefined/unknown
2025-03-04T23:41:29.421+05:30  INFO 3872 --- [addressbook] [restartedMain] o.s.o.j.p.SpringPersistenceUnitInfo      : No LoadTimeWeaver setup: ignoring JPA class transformer
2025-03-04T23:41:29.496+05:30  INFO 3872 --- [addressbook] [restartedMain] com.zaxxer.hikari.HikariDataSource       : HikariPool-1 - Starting...
2025-03-04T23:41:30.224+05:30  INFO 3872 --- [addressbook] [restartedMain] com.zaxxer.hikari.pool.HikariPool        : HikariPool-1 - Added connection com.mysql.cj.jdbc.ConnectionImpl@40aaa0b3
2025-03-04T23:41:30.226+05:30  INFO 3872 --- [addressbook] [restartedMain] com.zaxxer.hikari.HikariDataSource       : HikariPool-1 - Start completed.
2025-03-04T23:41:30.313+05:30  WARN 3872 --- [addressbook] [restartedMain] org.hibernate.orm.deprecation            : HHH90000025: MySQL8Dialect does not need to be specified explicitly using 'hibernate.dialect' (remove the property setting and it will be selected by default)
2025-03-04T23:41:30.315+05:30  WARN 3872 --- [addressbook] [restartedMain] org.hibernate.orm.deprecation            : HHH90000026: MySQL8Dialect has been deprecated; use org.hibernate.dialect.MySQLDialect instead
2025-03-04T23:41:30.341+05:30  INFO 3872 --- [addressbook] [restartedMain] org.hibernate.orm.connections.pooling    : HHH10001005: Database info:
	Database JDBC URL [Connecting through datasource 'HikariDataSource (HikariPool-1)']
	Database driver: undefined/unknown
	Database version: 8.0
	Autocommit mode: undefined/unknown
	Isolation level: undefined/unknown
	Minimum pool size: undefined/unknown
	Maximum pool size: undefined/unknown
2025-03-04T23:41:30.914+05:30  INFO 6692 --- [addressbook] [restartedMain] o.h.e.t.j.p.i.JtaPlatformInitiator       : HHH000489: No JTA platform available (set 'hibernate.transaction.jta.platform' to enable JTA platform integration)
2025-03-04T23:41:31.033+05:30  INFO 6692 --- [addressbook] [restartedMain] j.LocalContainerEntityManagerFactoryBean : Initialized JPA EntityManagerFactory for persistence unit 'default'
2025-03-04T23:41:31.492+05:30  INFO 3872 --- [addressbook] [restartedMain] o.h.e.t.j.p.i.JtaPlatformInitiator       : HHH000489: No JTA platform available (set 'hibernate.transaction.jta.platform' to enable JTA platform integration)
2025-03-04T23:41:31.516+05:30  WARN 6692 --- [addressbook] [restartedMain] JpaBaseConfiguration$JpaWebConfiguration : spring.jpa.open-in-view is enabled by default. Therefore, database queries may be performed during view rendering. Explicitly configure spring.jpa.open-in-view to disable this warning
2025-03-04T23:41:31.561+05:30  INFO 3872 --- [addressbook] [restartedMain] j.LocalContainerEntityManagerFactoryBean : Initialized JPA EntityManagerFactory for persistence unit 'default'
2025-03-04T23:41:31.986+05:30  INFO 6692 --- [addressbook] [restartedMain] o.s.b.a.h2.H2ConsoleAutoConfiguration    : H2 console available at '/h2-console'. Database available at 'jdbc:mysql://localhost:3306/address_Book_db?createDatabaseIfNotExist=true'
2025-03-04T23:41:32.002+05:30  WARN 3872 --- [addressbook] [restartedMain] JpaBaseConfiguration$JpaWebConfiguration : spring.jpa.open-in-view is enabled by default. Therefore, database queries may be performed during view rendering. Explicitly configure spring.jpa.open-in-view to disable this warning
2025-03-04T23:41:32.081+05:30  INFO 6692 --- [addressbook] [restartedMain] o.s.b.d.a.OptionalLiveReloadServer       : LiveReload server is running on port 35729
2025-03-04T23:41:32.164+05:30  INFO 6692 --- [addressbook] [restartedMain] o.s.b.w.embedded.tomcat.TomcatWebServer  : Tomcat started on port 8080 (http) with context path '/'
2025-03-04T23:41:32.199+05:30  INFO 6692 --- [addressbook] [restartedMain] c.b.a.a.AddressbookApplication           : Started AddressbookApplication in 10.271 seconds (process running for 11.046)
2025-03-04T23:41:32.208+05:30  INFO 6692 --- [addressbook] [restartedMain] c.b.a.a.AddressbookApplication           : Application in process.......
2025-03-04T23:41:32.585+05:30  INFO 3872 --- [addressbook] [restartedMain] o.s.b.a.h2.H2ConsoleAutoConfiguration    : H2 console available at '/h2-console'. Database available at 'jdbc:mysql://localhost:3306/address_Book_db?createDatabaseIfNotExist=true'
2025-03-04T23:41:32.807+05:30  WARN 3872 --- [addressbook] [restartedMain] o.s.b.d.a.OptionalLiveReloadServer       : Unable to start LiveReload server
2025-03-04T23:41:32.834+05:30  WARN 3872 --- [addressbook] [restartedMain] ConfigServletWebServerApplicationContext : Exception encountered during context initialization - cancelling refresh attempt: org.springframework.context.ApplicationContextException: Failed to start bean 'webServerStartStop'
2025-03-04T23:41:32.838+05:30  INFO 3872 --- [addressbook] [restartedMain] j.LocalContainerEntityManagerFactoryBean : Closing JPA EntityManagerFactory for persistence unit 'default'
2025-03-04T23:41:32.843+05:30  INFO 3872 --- [addressbook] [restartedMain] com.zaxxer.hikari.HikariDataSource       : HikariPool-1 - Shutdown initiated...
2025-03-04T23:41:32.856+05:30  INFO 3872 --- [addressbook] [restartedMain] com.zaxxer.hikari.HikariDataSource       : HikariPool-1 - Shutdown completed.
2025-03-04T23:41:32.879+05:30  INFO 3872 --- [addressbook] [restartedMain] .s.b.a.l.ConditionEvaluationReportLogger : 

Error starting ApplicationContext. To display the condition evaluation report re-run your application with 'debug' enabled.
2025-03-04T23:41:32.910+05:30 ERROR 3872 --- [addressbook] [restartedMain] o.s.b.d.LoggingFailureAnalysisReporter   : 

***************************
APPLICATION FAILED TO START
***************************

Description:

Web server failed to start. Port 8080 was already in use.

Action:

Identify and stop the process that's listening on port 8080 or configure this application to listen on another port.

2025-03-04T23:41:52.137+05:30  INFO 6692 --- [addressbook] [http-nio-8080-exec-4] o.a.c.c.C.[Tomcat].[localhost].[/]       : Initializing Spring DispatcherServlet 'dispatcherServlet'
2025-03-04T23:41:52.137+05:30  INFO 6692 --- [addressbook] [http-nio-8080-exec-4] o.s.web.servlet.DispatcherServlet        : Initializing Servlet 'dispatcherServlet'
2025-03-04T23:41:52.139+05:30  INFO 6692 --- [addressbook] [http-nio-8080-exec-4] o.s.web.servlet.DispatcherServlet        : Completed initialization in 1 ms
2025-03-04T23:41:52.201+05:30  INFO 6692 --- [addressbook] [http-nio-8080-exec-4] c.b.a.a.c.AddressBookController          : Fetching all address book details.
2025-03-04T23:41:52.202+05:30  INFO 6692 --- [addressbook] [http-nio-8080-exec-4] c.b.a.a.services.AddressBookServices     : Fetching all address book details.
2025-03-04T23:41:52.463+05:30  INFO 6692 --- [addressbook] [http-nio-8080-exec-4] c.b.a.a.services.AddressBookServices     : Fetched 2 records.
2025-03-04T23:41:52.464+05:30  INFO 6692 --- [addressbook] [http-nio-8080-exec-4] c.b.a.a.c.AddressBookController          : Fetched 2 records.
2025-03-04T23:41:59.394+05:30  INFO 6692 --- [addressbook] [http-nio-8080-exec-7] c.b.a.a.c.AddressBookController          : Received request to save details: AddressBookDTO(name=Kannur, email=kannur@gmail.com, contact=9988776655)
2025-03-04T23:41:59.397+05:30  INFO 6692 --- [addressbook] [http-nio-8080-exec-7] c.b.a.a.services.AddressBookServices     : Saving new address book details: AddressBookDTO(name=Kannur, email=kannur@gmail.com, contact=9988776655)
2025-03-04T23:41:59.519+05:30  INFO 6692 --- [addressbook] [http-nio-8080-exec-7] c.b.a.a.services.AddressBookServices     : Details saved successfully with ID: 4
2025-03-04T23:41:59.519+05:30  INFO 6692 --- [addressbook] [http-nio-8080-exec-7] c.b.a.a.c.AddressBookController          : Details saved successfully with ID: 4
2025-03-04T23:42:08.889+05:30  INFO 6692 --- [addressbook] [http-nio-8080-exec-8] c.b.a.a.c.AddressBookController          : Fetching all address book details.
2025-03-04T23:42:08.890+05:30  INFO 6692 --- [addressbook] [http-nio-8080-exec-8] c.b.a.a.services.AddressBookServices     : Fetching all address book details.
2025-03-04T23:42:08.907+05:30  INFO 6692 --- [addressbook] [http-nio-8080-exec-8] c.b.a.a.services.AddressBookServices     : Fetched 3 records.
2025-03-04T23:42:08.908+05:30  INFO 6692 --- [addressbook] [http-nio-8080-exec-8] c.b.a.a.c.AddressBookController          : Fetched 3 records.
2025-03-04T23:42:20.224+05:30  INFO 6692 --- [addressbook] [http-nio-8080-exec-1] c.b.a.a.c.AddressBookController          : Fetching details for ID: 3
2025-03-04T23:42:20.225+05:30  INFO 6692 --- [addressbook] [http-nio-8080-exec-1] c.b.a.a.services.AddressBookServices     : Fetching details for ID: 3
2025-03-04T23:42:20.261+05:30 ERROR 6692 --- [addressbook] [http-nio-8080-exec-1] c.b.a.a.services.AddressBookServices     : No details found for ID: 3
2025-03-04T23:42:20.272+05:30 ERROR 6692 --- [addressbook] [http-nio-8080-exec-1] o.a.c.c.C.[.[.[/].[dispatcherServlet]    : Servlet.service() for servlet [dispatcherServlet] in context with path [] threw exception [Request processing failed: java.lang.RuntimeException: No details found for ID: 3] with root cause

java.lang.RuntimeException: No details found for ID: 3
	at com.bridgelabz.addressbookappdevelopment.addressbook.services.AddressBookServices.lambda$getByID$1(AddressBookServices.java:51) ~[classes/:na]
	at java.base/java.util.Optional.orElseThrow(Optional.java:403) ~[na:na]
	at com.bridgelabz.addressbookappdevelopment.addressbook.services.AddressBookServices.getByID(AddressBookServices.java:49) ~[classes/:na]
	at com.bridgelabz.addressbookappdevelopment.addressbook.controller.AddressBookController.getByID(AddressBookController.java:49) ~[classes/:na]
	at java.base/jdk.internal.reflect.DirectMethodHandleAccessor.invoke(DirectMethodHandleAccessor.java:103) ~[na:na]
	at java.base/java.lang.reflect.Method.invoke(Method.java:580) ~[na:na]
	at org.springframework.web.method.support.InvocableHandlerMethod.doInvoke(InvocableHandlerMethod.java:257) ~[spring-web-6.2.3.jar:6.2.3]
	at org.springframework.web.method.support.InvocableHandlerMethod.invokeForRequest(InvocableHandlerMethod.java:190) ~[spring-web-6.2.3.jar:6.2.3]
	at org.springframework.web.servlet.mvc.method.annotation.ServletInvocableHandlerMethod.invokeAndHandle(ServletInvocableHandlerMethod.java:118) ~[spring-webmvc-6.2.3.jar:6.2.3]
	at org.springframework.web.servlet.mvc.method.annotation.RequestMappingHandlerAdapter.invokeHandlerMethod(RequestMappingHandlerAdapter.java:986) ~[spring-webmvc-6.2.3.jar:6.2.3]
	at org.springframework.web.servlet.mvc.method.annotation.RequestMappingHandlerAdapter.handleInternal(RequestMappingHandlerAdapter.java:891) ~[spring-webmvc-6.2.3.jar:6.2.3]
	at org.springframework.web.servlet.mvc.method.AbstractHandlerMethodAdapter.handle(AbstractHandlerMethodAdapter.java:87) ~[spring-webmvc-6.2.3.jar:6.2.3]
	at org.springframework.web.servlet.DispatcherServlet.doDispatch(DispatcherServlet.java:1088) ~[spring-webmvc-6.2.3.jar:6.2.3]
	at org.springframework.web.servlet.DispatcherServlet.doService(DispatcherServlet.java:978) ~[spring-webmvc-6.2.3.jar:6.2.3]
	at org.springframework.web.servlet.FrameworkServlet.processRequest(FrameworkServlet.java:1014) ~[spring-webmvc-6.2.3.jar:6.2.3]
	at org.springframework.web.servlet.FrameworkServlet.doGet(FrameworkServlet.java:903) ~[spring-webmvc-6.2.3.jar:6.2.3]
	at jakarta.servlet.http.HttpServlet.service(HttpServlet.java:564) ~[tomcat-embed-core-10.1.36.jar:6.0]
	at org.springframework.web.servlet.FrameworkServlet.service(FrameworkServlet.java:885) ~[spring-webmvc-6.2.3.jar:6.2.3]
	at jakarta.servlet.http.HttpServlet.service(HttpServlet.java:658) ~[tomcat-embed-core-10.1.36.jar:6.0]
	at org.apache.catalina.core.ApplicationFilterChain.internalDoFilter(ApplicationFilterChain.java:195) ~[tomcat-embed-core-10.1.36.jar:10.1.36]
	at org.apache.catalina.core.ApplicationFilterChain.doFilter(ApplicationFilterChain.java:140) ~[tomcat-embed-core-10.1.36.jar:10.1.36]
	at org.apache.tomcat.websocket.server.WsFilter.doFilter(WsFilter.java:51) ~[tomcat-embed-websocket-10.1.36.jar:10.1.36]
	at org.apache.catalina.core.ApplicationFilterChain.internalDoFilter(ApplicationFilterChain.java:164) ~[tomcat-embed-core-10.1.36.jar:10.1.36]
	at org.apache.catalina.core.ApplicationFilterChain.doFilter(ApplicationFilterChain.java:140) ~[tomcat-embed-core-10.1.36.jar:10.1.36]
	at org.springframework.web.filter.RequestContextFilter.doFilterInternal(RequestContextFilter.java:100) ~[spring-web-6.2.3.jar:6.2.3]
	at org.springframework.web.filter.OncePerRequestFilter.doFilter(OncePerRequestFilter.java:116) ~[spring-web-6.2.3.jar:6.2.3]
	at org.apache.catalina.core.ApplicationFilterChain.internalDoFilter(ApplicationFilterChain.java:164) ~[tomcat-embed-core-10.1.36.jar:10.1.36]
	at org.apache.catalina.core.ApplicationFilterChain.doFilter(ApplicationFilterChain.java:140) ~[tomcat-embed-core-10.1.36.jar:10.1.36]
	at org.springframework.web.filter.FormContentFilter.doFilterInternal(FormContentFilter.java:93) ~[spring-web-6.2.3.jar:6.2.3]
	at org.springframework.web.filter.OncePerRequestFilter.doFilter(OncePerRequestFilter.java:116) ~[spring-web-6.2.3.jar:6.2.3]
	at org.apache.catalina.core.ApplicationFilterChain.internalDoFilter(ApplicationFilterChain.java:164) ~[tomcat-embed-core-10.1.36.jar:10.1.36]
	at org.apache.catalina.core.ApplicationFilterChain.doFilter(ApplicationFilterChain.java:140) ~[tomcat-embed-core-10.1.36.jar:10.1.36]
	at org.springframework.web.filter.CharacterEncodingFilter.doFilterInternal(CharacterEncodingFilter.java:201) ~[spring-web-6.2.3.jar:6.2.3]
	at org.springframework.web.filter.OncePerRequestFilter.doFilter(OncePerRequestFilter.java:116) ~[spring-web-6.2.3.jar:6.2.3]
	at org.apache.catalina.core.ApplicationFilterChain.internalDoFilter(ApplicationFilterChain.java:164) ~[tomcat-embed-core-10.1.36.jar:10.1.36]
	at org.apache.catalina.core.ApplicationFilterChain.doFilter(ApplicationFilterChain.java:140) ~[tomcat-embed-core-10.1.36.jar:10.1.36]
	at org.apache.catalina.core.StandardWrapperValve.invoke(StandardWrapperValve.java:167) ~[tomcat-embed-core-10.1.36.jar:10.1.36]
	at org.apache.catalina.core.StandardContextValve.invoke(StandardContextValve.java:90) ~[tomcat-embed-core-10.1.36.jar:10.1.36]
	at org.apache.catalina.authenticator.AuthenticatorBase.invoke(AuthenticatorBase.java:483) ~[tomcat-embed-core-10.1.36.jar:10.1.36]
	at org.apache.catalina.core.StandardHostValve.invoke(StandardHostValve.java:115) ~[tomcat-embed-core-10.1.36.jar:10.1.36]
	at org.apache.catalina.valves.ErrorReportValve.invoke(ErrorReportValve.java:93) ~[tomcat-embed-core-10.1.36.jar:10.1.36]
	at org.apache.catalina.core.StandardEngineValve.invoke(StandardEngineValve.java:74) ~[tomcat-embed-core-10.1.36.jar:10.1.36]
	at org.apache.catalina.connector.CoyoteAdapter.service(CoyoteAdapter.java:344) ~[tomcat-embed-core-10.1.36.jar:10.1.36]
	at org.apache.coyote.http11.Http11Processor.service(Http11Processor.java:397) ~[tomcat-embed-core-10.1.36.jar:10.1.36]
	at org.apache.coyote.AbstractProcessorLight.process(AbstractProcessorLight.java:63) ~[tomcat-embed-core-10.1.36.jar:10.1.36]
	at org.apache.coyote.AbstractProtocol$ConnectionHandler.process(AbstractProtocol.java:905) ~[tomcat-embed-core-10.1.36.jar:10.1.36]
	at org.apache.tomcat.util.net.NioEndpoint$SocketProcessor.doRun(NioEndpoint.java:1743) ~[tomcat-embed-core-10.1.36.jar:10.1.36]
	at org.apache.tomcat.util.net.SocketProcessorBase.run(SocketProcessorBase.java:52) ~[tomcat-embed-core-10.1.36.jar:10.1.36]
	at org.apache.tomcat.util.threads.ThreadPoolExecutor.runWorker(ThreadPoolExecutor.java:1190) ~[tomcat-embed-core-10.1.36.jar:10.1.36]
	at org.apache.tomcat.util.threads.ThreadPoolExecutor$Worker.run(ThreadPoolExecutor.java:659) ~[tomcat-embed-core-10.1.36.jar:10.1.36]
	at org.apache.tomcat.util.threads.TaskThread$WrappingRunnable.run(TaskThread.java:63) ~[tomcat-embed-core-10.1.36.jar:10.1.36]
	at java.base/java.lang.Thread.run(Thread.java:1575) ~[na:na]

2025-03-04T23:42:43.861+05:30  INFO 6692 --- [addressbook] [http-nio-8080-exec-5] c.b.a.a.c.AddressBookController          : Fetching details for ID: 2
2025-03-04T23:42:43.864+05:30  INFO 6692 --- [addressbook] [http-nio-8080-exec-5] c.b.a.a.services.AddressBookServices     : Fetching details for ID: 2
2025-03-04T23:42:43.878+05:30  INFO 6692 --- [addressbook] [http-nio-8080-exec-5] c.b.a.a.services.AddressBookServices     : Details found: AddressBookDTO(name=Kuchu, email=kuchikoo@gmail.com, contact=7778884542)
2025-03-04T23:42:43.878+05:30  INFO 6692 --- [addressbook] [http-nio-8080-exec-5] c.b.a.a.c.AddressBookController          : Details found: AddressBookDTO(name=Kuchu, email=kuchikoo@gmail.com, contact=7778884542)
2025-03-04T23:42:52.813+05:30  INFO 6692 --- [addressbook] [http-nio-8080-exec-6] c.b.a.a.c.AddressBookController          : Fetching all address book details.
2025-03-04T23:42:52.814+05:30  INFO 6692 --- [addressbook] [http-nio-8080-exec-6] c.b.a.a.services.AddressBookServices     : Fetching all address book details.
2025-03-04T23:42:52.829+05:30  INFO 6692 --- [addressbook] [http-nio-8080-exec-6] c.b.a.a.services.AddressBookServices     : Fetched 3 records.
2025-03-04T23:42:52.830+05:30  INFO 6692 --- [addressbook] [http-nio-8080-exec-6] c.b.a.a.c.AddressBookController          : Fetched 3 records.
2025-03-04T23:44:02.343+05:30  INFO 6692 --- [addressbook] [http-nio-8080-exec-3] c.b.a.a.c.AddressBookController          : Fetching details for ID: 4
2025-03-04T23:44:02.344+05:30  INFO 6692 --- [addressbook] [http-nio-8080-exec-3] c.b.a.a.services.AddressBookServices     : Fetching details for ID: 4
2025-03-04T23:44:02.362+05:30  INFO 6692 --- [addressbook] [http-nio-8080-exec-3] c.b.a.a.services.AddressBookServices     : Details found: AddressBookDTO(name=Kannur, email=kannur@gmail.com, contact=9988776655)
2025-03-04T23:44:02.363+05:30  INFO 6692 --- [addressbook] [http-nio-8080-exec-3] c.b.a.a.c.AddressBookController          : Details found: AddressBookDTO(name=Kannur, email=kannur@gmail.com, contact=9988776655)
2025-03-04T23:44:08.969+05:30  INFO 6692 --- [addressbook] [http-nio-8080-exec-4] c.b.a.a.c.AddressBookController          : Fetching details for ID: 5
2025-03-04T23:44:08.970+05:30  INFO 6692 --- [addressbook] [http-nio-8080-exec-4] c.b.a.a.services.AddressBookServices     : Fetching details for ID: 5
2025-03-04T23:44:08.981+05:30 ERROR 6692 --- [addressbook] [http-nio-8080-exec-4] c.b.a.a.services.AddressBookServices     : No details found for ID: 5
2025-03-04T23:44:08.984+05:30 ERROR 6692 --- [addressbook] [http-nio-8080-exec-4] o.a.c.c.C.[.[.[/].[dispatcherServlet]    : Servlet.service() for servlet [dispatcherServlet] in context with path [] threw exception [Request processing failed: java.lang.RuntimeException: No details found for ID: 5] with root cause

java.lang.RuntimeException: No details found for ID: 5
	at com.bridgelabz.addressbookappdevelopment.addressbook.services.AddressBookServices.lambda$getByID$1(AddressBookServices.java:51) ~[classes/:na]
	at java.base/java.util.Optional.orElseThrow(Optional.java:403) ~[na:na]
	at com.bridgelabz.addressbookappdevelopment.addressbook.services.AddressBookServices.getByID(AddressBookServices.java:49) ~[classes/:na]
	at com.bridgelabz.addressbookappdevelopment.addressbook.controller.AddressBookController.getByID(AddressBookController.java:49) ~[classes/:na]
	at java.base/jdk.internal.reflect.DirectMethodHandleAccessor.invoke(DirectMethodHandleAccessor.java:103) ~[na:na]
	at java.base/java.lang.reflect.Method.invoke(Method.java:580) ~[na:na]
	at org.springframework.web.method.support.InvocableHandlerMethod.doInvoke(InvocableHandlerMethod.java:257) ~[spring-web-6.2.3.jar:6.2.3]
	at org.springframework.web.method.support.InvocableHandlerMethod.invokeForRequest(InvocableHandlerMethod.java:190) ~[spring-web-6.2.3.jar:6.2.3]
	at org.springframework.web.servlet.mvc.method.annotation.ServletInvocableHandlerMethod.invokeAndHandle(ServletInvocableHandlerMethod.java:118) ~[spring-webmvc-6.2.3.jar:6.2.3]
	at org.springframework.web.servlet.mvc.method.annotation.RequestMappingHandlerAdapter.invokeHandlerMethod(RequestMappingHandlerAdapter.java:986) ~[spring-webmvc-6.2.3.jar:6.2.3]
	at org.springframework.web.servlet.mvc.method.annotation.RequestMappingHandlerAdapter.handleInternal(RequestMappingHandlerAdapter.java:891) ~[spring-webmvc-6.2.3.jar:6.2.3]
	at org.springframework.web.servlet.mvc.method.AbstractHandlerMethodAdapter.handle(AbstractHandlerMethodAdapter.java:87) ~[spring-webmvc-6.2.3.jar:6.2.3]
	at org.springframework.web.servlet.DispatcherServlet.doDispatch(DispatcherServlet.java:1088) ~[spring-webmvc-6.2.3.jar:6.2.3]
	at org.springframework.web.servlet.DispatcherServlet.doService(DispatcherServlet.java:978) ~[spring-webmvc-6.2.3.jar:6.2.3]
	at org.springframework.web.servlet.FrameworkServlet.processRequest(FrameworkServlet.java:1014) ~[spring-webmvc-6.2.3.jar:6.2.3]
	at org.springframework.web.servlet.FrameworkServlet.doGet(FrameworkServlet.java:903) ~[spring-webmvc-6.2.3.jar:6.2.3]
	at jakarta.servlet.http.HttpServlet.service(HttpServlet.java:564) ~[tomcat-embed-core-10.1.36.jar:6.0]
	at org.springframework.web.servlet.FrameworkServlet.service(FrameworkServlet.java:885) ~[spring-webmvc-6.2.3.jar:6.2.3]
	at jakarta.servlet.http.HttpServlet.service(HttpServlet.java:658) ~[tomcat-embed-core-10.1.36.jar:6.0]
	at org.apache.catalina.core.ApplicationFilterChain.internalDoFilter(ApplicationFilterChain.java:195) ~[tomcat-embed-core-10.1.36.jar:10.1.36]
	at org.apache.catalina.core.ApplicationFilterChain.doFilter(ApplicationFilterChain.java:140) ~[tomcat-embed-core-10.1.36.jar:10.1.36]
	at org.apache.tomcat.websocket.server.WsFilter.doFilter(WsFilter.java:51) ~[tomcat-embed-websocket-10.1.36.jar:10.1.36]
	at org.apache.catalina.core.ApplicationFilterChain.internalDoFilter(ApplicationFilterChain.java:164) ~[tomcat-embed-core-10.1.36.jar:10.1.36]
	at org.apache.catalina.core.ApplicationFilterChain.doFilter(ApplicationFilterChain.java:140) ~[tomcat-embed-core-10.1.36.jar:10.1.36]
	at org.springframework.web.filter.RequestContextFilter.doFilterInternal(RequestContextFilter.java:100) ~[spring-web-6.2.3.jar:6.2.3]
	at org.springframework.web.filter.OncePerRequestFilter.doFilter(OncePerRequestFilter.java:116) ~[spring-web-6.2.3.jar:6.2.3]
	at org.apache.catalina.core.ApplicationFilterChain.internalDoFilter(ApplicationFilterChain.java:164) ~[tomcat-embed-core-10.1.36.jar:10.1.36]
	at org.apache.catalina.core.ApplicationFilterChain.doFilter(ApplicationFilterChain.java:140) ~[tomcat-embed-core-10.1.36.jar:10.1.36]
	at org.springframework.web.filter.FormContentFilter.doFilterInternal(FormContentFilter.java:93) ~[spring-web-6.2.3.jar:6.2.3]
	at org.springframework.web.filter.OncePerRequestFilter.doFilter(OncePerRequestFilter.java:116) ~[spring-web-6.2.3.jar:6.2.3]
	at org.apache.catalina.core.ApplicationFilterChain.internalDoFilter(ApplicationFilterChain.java:164) ~[tomcat-embed-core-10.1.36.jar:10.1.36]
	at org.apache.catalina.core.ApplicationFilterChain.doFilter(ApplicationFilterChain.java:140) ~[tomcat-embed-core-10.1.36.jar:10.1.36]
	at org.springframework.web.filter.CharacterEncodingFilter.doFilterInternal(CharacterEncodingFilter.java:201) ~[spring-web-6.2.3.jar:6.2.3]
	at org.springframework.web.filter.OncePerRequestFilter.doFilter(OncePerRequestFilter.java:116) ~[spring-web-6.2.3.jar:6.2.3]
	at org.apache.catalina.core.ApplicationFilterChain.internalDoFilter(ApplicationFilterChain.java:164) ~[tomcat-embed-core-10.1.36.jar:10.1.36]
	at org.apache.catalina.core.ApplicationFilterChain.doFilter(ApplicationFilterChain.java:140) ~[tomcat-embed-core-10.1.36.jar:10.1.36]
	at org.apache.catalina.core.StandardWrapperValve.invoke(StandardWrapperValve.java:167) ~[tomcat-embed-core-10.1.36.jar:10.1.36]
	at org.apache.catalina.core.StandardContextValve.invoke(StandardContextValve.java:90) ~[tomcat-embed-core-10.1.36.jar:10.1.36]
	at org.apache.catalina.authenticator.AuthenticatorBase.invoke(AuthenticatorBase.java:483) ~[tomcat-embed-core-10.1.36.jar:10.1.36]
	at org.apache.catalina.core.StandardHostValve.invoke(StandardHostValve.java:115) ~[tomcat-embed-core-10.1.36.jar:10.1.36]
	at org.apache.catalina.valves.ErrorReportValve.invoke(ErrorReportValve.java:93) ~[tomcat-embed-core-10.1.36.jar:10.1.36]
	at org.apache.catalina.core.StandardEngineValve.invoke(StandardEngineValve.java:74) ~[tomcat-embed-core-10.1.36.jar:10.1.36]
	at org.apache.catalina.connector.CoyoteAdapter.service(CoyoteAdapter.java:344) ~[tomcat-embed-core-10.1.36.jar:10.1.36]
	at org.apache.coyote.http11.Http11Processor.service(Http11Processor.java:397) ~[tomcat-embed-core-10.1.36.jar:10.1.36]
	at org.apache.coyote.AbstractProcessorLight.process(AbstractProcessorLight.java:63) ~[tomcat-embed-core-10.1.36.jar:10.1.36]
	at org.apache.coyote.AbstractProtocol$ConnectionHandler.process(AbstractProtocol.java:905) ~[tomcat-embed-core-10.1.36.jar:10.1.36]
	at org.apache.tomcat.util.net.NioEndpoint$SocketProcessor.doRun(NioEndpoint.java:1743) ~[tomcat-embed-core-10.1.36.jar:10.1.36]
	at org.apache.tomcat.util.net.SocketProcessorBase.run(SocketProcessorBase.java:52) ~[tomcat-embed-core-10.1.36.jar:10.1.36]
	at org.apache.tomcat.util.threads.ThreadPoolExecutor.runWorker(ThreadPoolExecutor.java:1190) ~[tomcat-embed-core-10.1.36.jar:10.1.36]
	at org.apache.tomcat.util.threads.ThreadPoolExecutor$Worker.run(ThreadPoolExecutor.java:659) ~[tomcat-embed-core-10.1.36.jar:10.1.36]
	at org.apache.tomcat.util.threads.TaskThread$WrappingRunnable.run(TaskThread.java:63) ~[tomcat-embed-core-10.1.36.jar:10.1.36]
	at java.base/java.lang.Thread.run(Thread.java:1575) ~[na:na]

2025-03-04T23:45:30.697+05:30  INFO 6692 --- [addressbook] [SpringApplicationShutdownHook] o.s.b.w.e.tomcat.GracefulShutdown        : Commencing graceful shutdown. Waiting for active requests to complete
2025-03-04T23:45:30.721+05:30  INFO 6692 --- [addressbook] [tomcat-shutdown] o.s.b.w.e.tomcat.GracefulShutdown        : Graceful shutdown complete
2025-03-04T23:45:30.726+05:30  INFO 6692 --- [addressbook] [SpringApplicationShutdownHook] j.LocalContainerEntityManagerFactoryBean : Closing JPA EntityManagerFactory for persistence unit 'default'
2025-03-04T23:45:30.731+05:30  INFO 6692 --- [addressbook] [SpringApplicationShutdownHook] com.zaxxer.hikari.HikariDataSource       : HikariPool-1 - Shutdown initiated...
2025-03-04T23:45:30.748+05:30  INFO 6692 --- [addressbook] [SpringApplicationShutdownHook] com.zaxxer.hikari.HikariDataSource       : HikariPool-1 - Shutdown completed.
